<?xml version="1.0" encoding="UTF-8"?>
<!-- Generated by org.testng.reporters.JUnitXMLReporter -->
<testsuite ignored="4" hostname="Ashish-Laptop" failures="1" tests="8" name="Test" time="74.03" errors="0" timestamp="2026-01-31T18:16:49 IST">
  <testcase classname="tests.CheckoutTest" name="TC_007_successfulCheckout" time="9.346"/>
  <testcase classname="tests.CheckoutTest" name="TC_008_checkoutWithoutProduct" time="2.667"/>
  <testcase classname="tests.CartTest" name="TC_004_addSingleProduct" time="3.06"/>
  <testcase classname="tests.CartTest" name="TC_005_addMultipleProducts" time="2.464"/>
  <testcase classname="tests.CartTest" name="TC_006_removeProduct" time="3.23"/>
  <testcase classname="tests.LoginTest" name="TC_001_validLogin" time="1.699"/>
  <testcase classname="tests.LoginTest" name="TC_002_invalidLogin" time="1.736"/>
  <testcase classname="tests.LoginTest" name="TC_003_emptyCredentials" time="0.932">
    <failure type="java.lang.AssertionError" message="Login button must be disabled when no values selected expected [false] but found [true]">
      <![CDATA[java.lang.AssertionError: Login button must be disabled when no values selected expected [false] but found [true]
at tests.LoginTest.TC_003_emptyCredentials(LoginTest.java:39)
at java.base/java.util.ArrayList.forEach(ArrayList.java:1604)
... Removed 28 stack frames]]>
    </failure>
  </testcase> <!-- TC_003_emptyCredentials -->
  <testcase classname="base.BaseTest" name="@AfterSuite endReport" time="0.0">
    <ignored/>
  </testcase> <!-- @AfterSuite endReport -->
  <testcase classname="base.BaseTest" name="@BeforeSuite startReport" time="0.0">
    <ignored/>
  </testcase> <!-- @BeforeSuite startReport -->
  <testcase classname="base.BaseTest" name="@BeforeSuite startReport" time="0.0">
    <ignored/>
  </testcase> <!-- @BeforeSuite startReport -->
  <testcase classname="base.BaseTest" name="@AfterSuite endReport" time="0.0">
    <ignored/>
  </testcase> <!-- @AfterSuite endReport -->
</testsuite> <!-- Test -->
