<?xml version="1.0" encoding="UTF-8"?>
<testng-results ignored="0" total="8" passed="7" failed="1" skipped="0">
  <reporter-output>
  </reporter-output>
  <suite started-at="2026-01-31T18:15:35 IST" name="Suite" finished-at="2026-01-31T18:16:49 IST" duration-ms="74030">
    <groups>
    </groups>
    <test started-at="2026-01-31T18:15:35 IST" name="Test" finished-at="2026-01-31T18:16:49 IST" duration-ms="74030">
      <class name="tests.LoginTest">
        <test-method is-config="true" signature="setUp(java.lang.reflect.Method)[pri:0, instance:tests.LoginTest@5876a9af]" started-at="2026-01-31T18:16:29 IST" name="setUp" finished-at="2026-01-31T18:16:33 IST" duration-ms="4225" status="PASS">
          <params>
            <param index="0">
              <value>
                <![CDATA[public void tests.LoginTest.TC_001_validLogin()]]>
              </value>
            </param>
          </params>
          <reporter-output>
          </reporter-output>
        </test-method> <!-- setUp -->
        <test-method signature="TC_001_validLogin()[pri:0, instance:tests.LoginTest@5876a9af]" started-at="2026-01-31T18:16:33 IST" name="TC_001_validLogin" finished-at="2026-01-31T18:16:35 IST" duration-ms="1699" status="PASS">
          <reporter-output>
          </reporter-output>
        </test-method> <!-- TC_001_validLogin -->
        <test-method is-config="true" signature="tearDown(org.testng.ITestResult)[pri:0, instance:tests.LoginTest@5876a9af]" started-at="2026-01-31T18:16:35 IST" name="tearDown" finished-at="2026-01-31T18:16:35 IST" duration-ms="192" status="PASS">
          <params>
            <param index="0">
              <value>
                <![CDATA[[TestResult name=TC_001_validLogin status=SUCCESS method=LoginTest.TC_001_validLogin()[pri:0, instance:tests.LoginTest@5876a9af] output={null}]]]>
              </value>
            </param>
          </params>
          <reporter-output>
          </reporter-output>
        </test-method> <!-- tearDown -->
        <test-method is-config="true" signature="setUp(java.lang.reflect.Method)[pri:0, instance:tests.LoginTest@5876a9af]" started-at="2026-01-31T18:16:35 IST" name="setUp" finished-at="2026-01-31T18:16:40 IST" duration-ms="5114" status="PASS">
          <params>
            <param index="0">
              <value>
                <![CDATA[public void tests.LoginTest.TC_002_invalidLogin()]]>
              </value>
            </param>
          </params>
          <reporter-output>
          </reporter-output>
        </test-method> <!-- setUp -->
        <test-method signature="TC_002_invalidLogin()[pri:0, instance:tests.LoginTest@5876a9af]" started-at="2026-01-31T18:16:40 IST" name="TC_002_invalidLogin" finished-at="2026-01-31T18:16:42 IST" duration-ms="1736" status="PASS">
          <reporter-output>
          </reporter-output>
        </test-method> <!-- TC_002_invalidLogin -->
        <test-method is-config="true" signature="tearDown(org.testng.ITestResult)[pri:0, instance:tests.LoginTest@5876a9af]" started-at="2026-01-31T18:16:42 IST" name="tearDown" finished-at="2026-01-31T18:16:42 IST" duration-ms="215" status="PASS">
          <params>
            <param index="0">
              <value>
                <![CDATA[[TestResult name=TC_002_invalidLogin status=SUCCESS method=LoginTest.TC_002_invalidLogin()[pri:0, instance:tests.LoginTest@5876a9af] output={null}]]]>
              </value>
            </param>
          </params>
          <reporter-output>
          </reporter-output>
        </test-method> <!-- tearDown -->
        <test-method is-config="true" signature="setUp(java.lang.reflect.Method)[pri:0, instance:tests.LoginTest@5876a9af]" started-at="2026-01-31T18:16:42 IST" name="setUp" finished-at="2026-01-31T18:16:48 IST" duration-ms="6173" status="PASS">
          <params>
            <param index="0">
              <value>
                <![CDATA[public void tests.LoginTest.TC_003_emptyCredentials()]]>
              </value>
            </param>
          </params>
          <reporter-output>
          </reporter-output>
        </test-method> <!-- setUp -->
        <test-method signature="TC_003_emptyCredentials()[pri:0, instance:tests.LoginTest@5876a9af]" started-at="2026-01-31T18:16:48 IST" name="TC_003_emptyCredentials" finished-at="2026-01-31T18:16:49 IST" duration-ms="932" status="FAIL">
          <exception class="java.lang.AssertionError">
            <message>
              <![CDATA[Login button must be disabled when no values selected expected [false] but found [true]]]>
            </message>
            <full-stacktrace>
              <![CDATA[java.lang.AssertionError: Login button must be disabled when no values selected expected [false] but found [true]
at org.testng.Assert.fail(Assert.java:111)
at org.testng.Assert.failNotEquals(Assert.java:1578)
at org.testng.Assert.assertFalse(Assert.java:79)
at tests.LoginTest.TC_003_emptyCredentials(LoginTest.java:39)
at java.base/jdk.internal.reflect.DirectMethodHandleAccessor.invoke(DirectMethodHandleAccessor.java:104)
at java.base/java.lang.reflect.Method.invoke(Method.java:565)
at org.testng.internal.invokers.MethodInvocationHelper.invokeMethod(MethodInvocationHelper.java:139)
at org.testng.internal.invokers.TestInvoker.invokeMethod(TestInvoker.java:664)
at org.testng.internal.invokers.TestInvoker.invokeTestMethod(TestInvoker.java:228)
at org.testng.internal.invokers.MethodRunner.runInSequence(MethodRunner.java:63)
at org.testng.internal.invokers.TestInvoker$MethodInvocationAgent.invoke(TestInvoker.java:961)
at org.testng.internal.invokers.TestInvoker.invokeTestMethods(TestInvoker.java:201)
at org.testng.internal.invokers.TestMethodWorker.invokeTestMethods(TestMethodWorker.java:148)
at org.testng.internal.invokers.TestMethodWorker.run(TestMethodWorker.java:128)
at java.base/java.util.ArrayList.forEach(ArrayList.java:1604)
at org.testng.TestRunner.privateRun(TestRunner.java:819)
at org.testng.TestRunner.run(TestRunner.java:619)
at org.testng.SuiteRunner.runTest(SuiteRunner.java:443)
at org.testng.SuiteRunner.runSequentially(SuiteRunner.java:437)
at org.testng.SuiteRunner.privateRun(SuiteRunner.java:397)
at org.testng.SuiteRunner.run(SuiteRunner.java:336)
at org.testng.SuiteRunnerWorker.runSuite(SuiteRunnerWorker.java:52)
at org.testng.SuiteRunnerWorker.run(SuiteRunnerWorker.java:95)
at org.testng.TestNG.runSuitesSequentially(TestNG.java:1301)
at org.testng.TestNG.runSuitesLocally(TestNG.java:1228)
at org.testng.TestNG.runSuites(TestNG.java:1134)
at org.testng.TestNG.run(TestNG.java:1101)
at org.testng.remote.AbstractRemoteTestNG.run(AbstractRemoteTestNG.java:115)
at org.testng.remote.RemoteTestNG.initAndRun(RemoteTestNG.java:293)
at org.testng.remote.RemoteTestNG.main(RemoteTestNG.java:91)
]]>
            </full-stacktrace>
          </exception> <!-- java.lang.AssertionError -->
          <reporter-output>
          </reporter-output>
        </test-method> <!-- TC_003_emptyCredentials -->
        <test-method is-config="true" signature="tearDown(org.testng.ITestResult)[pri:0, instance:tests.LoginTest@5876a9af]" started-at="2026-01-31T18:16:49 IST" name="tearDown" finished-at="2026-01-31T18:16:49 IST" duration-ms="289" status="PASS">
          <params>
            <param index="0">
              <value>
                <![CDATA[[TestResult name=TC_003_emptyCredentials status=FAILURE method=LoginTest.TC_003_emptyCredentials()[pri:0, instance:tests.LoginTest@5876a9af] output={null}]]]>
              </value>
            </param>
          </params>
          <reporter-output>
          </reporter-output>
        </test-method> <!-- tearDown -->
      </class> <!-- tests.LoginTest -->
      <class name="tests.CartTest">
        <test-method is-config="true" signature="setUp(java.lang.reflect.Method)[pri:0, instance:tests.CartTest@59309333]" started-at="2026-01-31T18:15:58 IST" name="setUp" finished-at="2026-01-31T18:16:02 IST" duration-ms="4337" status="PASS">
          <params>
            <param index="0">
              <value>
                <![CDATA[public void tests.CartTest.TC_004_addSingleProduct()]]>
              </value>
            </param>
          </params>
          <reporter-output>
          </reporter-output>
        </test-method> <!-- setUp -->
        <test-method signature="TC_004_addSingleProduct()[pri:0, instance:tests.CartTest@59309333]" started-at="2026-01-31T18:16:02 IST" name="TC_004_addSingleProduct" finished-at="2026-01-31T18:16:05 IST" duration-ms="3060" status="PASS">
          <reporter-output>
          </reporter-output>
        </test-method> <!-- TC_004_addSingleProduct -->
        <test-method is-config="true" signature="tearDown(org.testng.ITestResult)[pri:0, instance:tests.CartTest@59309333]" started-at="2026-01-31T18:16:05 IST" name="tearDown" finished-at="2026-01-31T18:16:06 IST" duration-ms="218" status="PASS">
          <params>
            <param index="0">
              <value>
                <![CDATA[[TestResult name=TC_004_addSingleProduct status=SUCCESS method=CartTest.TC_004_addSingleProduct()[pri:0, instance:tests.CartTest@59309333] output={null}]]]>
              </value>
            </param>
          </params>
          <reporter-output>
          </reporter-output>
        </test-method> <!-- tearDown -->
        <test-method is-config="true" signature="setUp(java.lang.reflect.Method)[pri:0, instance:tests.CartTest@59309333]" started-at="2026-01-31T18:16:06 IST" name="setUp" finished-at="2026-01-31T18:16:17 IST" duration-ms="11714" status="PASS">
          <params>
            <param index="0">
              <value>
                <![CDATA[public void tests.CartTest.TC_005_addMultipleProducts()]]>
              </value>
            </param>
          </params>
          <reporter-output>
          </reporter-output>
        </test-method> <!-- setUp -->
        <test-method signature="TC_005_addMultipleProducts()[pri:0, instance:tests.CartTest@59309333]" started-at="2026-01-31T18:16:17 IST" name="TC_005_addMultipleProducts" finished-at="2026-01-31T18:16:20 IST" duration-ms="2464" status="PASS">
          <reporter-output>
          </reporter-output>
        </test-method> <!-- TC_005_addMultipleProducts -->
        <test-method is-config="true" signature="tearDown(org.testng.ITestResult)[pri:0, instance:tests.CartTest@59309333]" started-at="2026-01-31T18:16:20 IST" name="tearDown" finished-at="2026-01-31T18:16:20 IST" duration-ms="149" status="PASS">
          <params>
            <param index="0">
              <value>
                <![CDATA[[TestResult name=TC_005_addMultipleProducts status=SUCCESS method=CartTest.TC_005_addMultipleProducts()[pri:0, instance:tests.CartTest@59309333] output={null}]]]>
              </value>
            </param>
          </params>
          <reporter-output>
          </reporter-output>
        </test-method> <!-- tearDown -->
        <test-method is-config="true" signature="setUp(java.lang.reflect.Method)[pri:0, instance:tests.CartTest@59309333]" started-at="2026-01-31T18:16:20 IST" name="setUp" finished-at="2026-01-31T18:16:25 IST" duration-ms="5404" status="PASS">
          <params>
            <param index="0">
              <value>
                <![CDATA[public void tests.CartTest.TC_006_removeProduct()]]>
              </value>
            </param>
          </params>
          <reporter-output>
          </reporter-output>
        </test-method> <!-- setUp -->
        <test-method signature="TC_006_removeProduct()[pri:0, instance:tests.CartTest@59309333]" started-at="2026-01-31T18:16:25 IST" name="TC_006_removeProduct" finished-at="2026-01-31T18:16:29 IST" duration-ms="3230" status="PASS">
          <reporter-output>
          </reporter-output>
        </test-method> <!-- TC_006_removeProduct -->
        <test-method is-config="true" signature="tearDown(org.testng.ITestResult)[pri:0, instance:tests.CartTest@59309333]" started-at="2026-01-31T18:16:29 IST" name="tearDown" finished-at="2026-01-31T18:16:29 IST" duration-ms="188" status="PASS">
          <params>
            <param index="0">
              <value>
                <![CDATA[[TestResult name=TC_006_removeProduct status=SUCCESS method=CartTest.TC_006_removeProduct()[pri:0, instance:tests.CartTest@59309333] output={null}]]]>
              </value>
            </param>
          </params>
          <reporter-output>
          </reporter-output>
        </test-method> <!-- tearDown -->
      </class> <!-- tests.CartTest -->
      <class name="tests.CheckoutTest">
        <test-method is-config="true" signature="startReport()[pri:0, instance:tests.CheckoutTest@4a94ee4]" started-at="2026-01-31T18:15:35 IST" name="startReport" finished-at="2026-01-31T18:15:35 IST" duration-ms="192" status="PASS">
          <reporter-output>
          </reporter-output>
        </test-method> <!-- startReport -->
        <test-method is-config="true" signature="setUp(java.lang.reflect.Method)[pri:0, instance:tests.CheckoutTest@4a94ee4]" started-at="2026-01-31T18:15:35 IST" name="setUp" finished-at="2026-01-31T18:15:41 IST" duration-ms="5508" status="PASS">
          <params>
            <param index="0">
              <value>
                <![CDATA[public void tests.CheckoutTest.TC_007_successfulCheckout() throws java.lang.InterruptedException]]>
              </value>
            </param>
          </params>
          <reporter-output>
          </reporter-output>
        </test-method> <!-- setUp -->
        <test-method signature="TC_007_successfulCheckout()[pri:0, instance:tests.CheckoutTest@4a94ee4]" started-at="2026-01-31T18:15:41 IST" name="TC_007_successfulCheckout" finished-at="2026-01-31T18:15:50 IST" duration-ms="9346" status="PASS">
          <reporter-output>
          </reporter-output>
        </test-method> <!-- TC_007_successfulCheckout -->
        <test-method is-config="true" signature="tearDown(org.testng.ITestResult)[pri:0, instance:tests.CheckoutTest@4a94ee4]" started-at="2026-01-31T18:15:50 IST" name="tearDown" finished-at="2026-01-31T18:15:50 IST" duration-ms="176" status="PASS">
          <params>
            <param index="0">
              <value>
                <![CDATA[[TestResult name=TC_007_successfulCheckout status=SUCCESS method=CheckoutTest.TC_007_successfulCheckout()[pri:0, instance:tests.CheckoutTest@4a94ee4] output={null}]]]>
              </value>
            </param>
          </params>
          <reporter-output>
          </reporter-output>
        </test-method> <!-- tearDown -->
        <test-method is-config="true" signature="setUp(java.lang.reflect.Method)[pri:0, instance:tests.CheckoutTest@4a94ee4]" started-at="2026-01-31T18:15:50 IST" name="setUp" finished-at="2026-01-31T18:15:55 IST" duration-ms="4770" status="PASS">
          <params>
            <param index="0">
              <value>
                <![CDATA[public void tests.CheckoutTest.TC_008_checkoutWithoutProduct() throws java.lang.InterruptedException]]>
              </value>
            </param>
          </params>
          <reporter-output>
          </reporter-output>
        </test-method> <!-- setUp -->
        <test-method signature="TC_008_checkoutWithoutProduct()[pri:0, instance:tests.CheckoutTest@4a94ee4]" started-at="2026-01-31T18:15:55 IST" name="TC_008_checkoutWithoutProduct" finished-at="2026-01-31T18:15:58 IST" duration-ms="2667" status="PASS">
          <reporter-output>
          </reporter-output>
        </test-method> <!-- TC_008_checkoutWithoutProduct -->
        <test-method is-config="true" signature="tearDown(org.testng.ITestResult)[pri:0, instance:tests.CheckoutTest@4a94ee4]" started-at="2026-01-31T18:15:58 IST" name="tearDown" finished-at="2026-01-31T18:15:58 IST" duration-ms="165" status="PASS">
          <params>
            <param index="0">
              <value>
                <![CDATA[[TestResult name=TC_008_checkoutWithoutProduct status=SUCCESS method=CheckoutTest.TC_008_checkoutWithoutProduct()[pri:0, instance:tests.CheckoutTest@4a94ee4] output={null}]]]>
              </value>
            </param>
          </params>
          <reporter-output>
          </reporter-output>
        </test-method> <!-- tearDown -->
        <test-method is-config="true" signature="endReport()[pri:0, instance:tests.CheckoutTest@4a94ee4]" started-at="2026-01-31T18:16:49 IST" name="endReport" finished-at="2026-01-31T18:16:50 IST" duration-ms="253" status="PASS">
          <reporter-output>
          </reporter-output>
        </test-method> <!-- endReport -->
      </class> <!-- tests.CheckoutTest -->
    </test> <!-- Test -->
  </suite> <!-- Suite -->
</testng-results>
