<?xml version="1.0" encoding="UTF-8"?>
<!-- Generated by org.testng.reporters.JUnitReportReporter -->
<testsuite hostname="Ashish-Laptop" failures="0" tests="3" name="tests.CartTest" time="30.764" errors="0" timestamp="2026-01-31T18:16:50 IST" skipped="0">
  <testcase classname="tests.CartTest" name="TC_006_removeProduct" time="15.132"/>
  <testcase classname="tests.CartTest" name="TC_005_addMultipleProducts" time="7.019"/>
  <testcase classname="tests.CartTest" name="TC_004_addSingleProduct" time="8.613"/>
</testsuite> <!-- tests.CartTest -->
